Version 004
Name	Provider	FE-Type	LNB	Frequency	H/V	Symbolrate	Inversion	BW(T,C)	Type	Scrambled	TS ID	Net ID	o.Net ID	Service ID	PCR-PID	PMT-PID	Video-PID	Audio-PID	AC3-PID	Teletext-PID	MHEG-5	Subtitle-PID	Key	StreamInfo	StreamInfoAC3
Q	EMAP	3	DVB-T	642000	1	6900000	1	2	2	0	24576	65535	9018	26688	1901	1029	0	1901	0	0	4002	0	233A60006840076D0000	1901,English		
QVC	QVC	3	DVB-T	762000	1	6900000	1	2	8449	0	12290	65535	9018	13120	2304	263	6049	6050	0	0	0	0	233A3002334009000000	6050,English		
701	BBC	3	DVB-T	786000	1	6900000	1	2	1	0	16384	65535	9018	19456	203	710	203	407	0	0	315	0	233A40004C0000CB0000	407,English\408,Undetermined		
MOJO	EMAP	3	DVB-T	762000	1	6900000	1	2	2	0	12290	65535	9018	14656	2304	282	0	6322	0	0	6328	0	233A3002394009000000	6322,English		
CBBC Channel	BBC	3	DVB-T	618000	1	6900000	1	2	15617	0	4106	65535	9018	4671	620	4671	620	621	0	0	1021	0	233A100A123F026C0000	621,English\622,English		
The Hits Radio	EMAP	3	DVB-T	642000	1	6900000	1	2	2	0	24576	65535	9018	26560	1701	1027	0	1701	0	0	4002	0	233A600067C006A50000	1701,English		
The HITS	EMAP	3	DVB-T	642000	1	6900000	1	2	9473	0	24576	65535	9018	25664	101	1001	101	102	0	0	107	0	233A6000644000650000	102,English		
UKHistory	UKTV	3	DVB-T	666000	1	6900000	1	2	6401	0	20480	65535	9018	22272	401	704	401	402	0	0	0	0	233A5000570001910000	402,English\404,English\402,English\404,English		
1Xtra BBC	BBC	3	DVB-T	786000	1	6900000	1	2	2	0	16384	65535	9018	18176	434	708	0	434	0	0	323	0	233A4000470001B20000	434,English		
bid-up.tv	Sit-Up Ltd	3	DVB-T	762000	1	6900000	1	2	12033	0	12290	65535	9018	14272	2304	276	6273	6274	0	0	0	0	233A300237C009000000	6274,English		
BBC NEWS 24	BBC	3	DVB-T	618000	1	6900000	1	2	20737	0	4106	65535	9018	4415	640	4415	640	641	0	0	1016	0	233A100A113F02800000	641,English		
BBC PARLMNT	BBC	3	DVB-T	786000	1	6900000	1	2	2	0	16384	65535	9018	16768	202	701	0	403	0	0	313	0	233A4000418000CA0000	403,English		
ITV 1	ITV	3	DVB-T	730000	1	6900000	1	2	1793	0	8218	65535	9018	8282	8190	257	514	652	0	0	1081	0	233A201A205A1FFE0000	652,English\662,English		
BBC TWO	BBC	3	DVB-T	618000	1	6900000	1	2	1281	0	4106	65535	9018	4234	610	4234	610	611	0	0	1010	0	233A100A108A02620000	611,English\612,English		
CBeebies	BBC	3	DVB-T	786000	1	6900000	1	2	16129	0	16384	65535	9018	16960	201	703	201	401	0	0	311	0	233A4000424000C90000	401,English\402,English\401,English\402,English		
702	BBC	3	DVB-T	786000	1	6900000	1	2	1	0	16384	65535	9018	19520	204	711	204	411	0	0	317	0	233A40004C4000CC0000	411,English		
Teletext	Teletext Ltd	3	DVB-T	730000	1	6900000	1	2	4865	0	8218	65535	9018	8563	8190	261	0	0	0	0	1091	0	233A201A21731FFE0000			
jazz fm	GMG	3	DVB-T	642000	1	6900000	1	2	2	0	24576	65535	9018	26368	1401	1024	0	1401	0	0	4000	0	233A6000670005790000	1401,English		
Kerrang!	EMAP	3	DVB-T	642000	1	6900000	1	2	2	0	24576	65535	9018	26304	1301	1023	0	1301	0	0	4002	0	233A600066C005150000	1301,English		
BBC Asian Net.	BBC	3	DVB-T	786000	1	6900000	1	2	2	0	16384	65535	9018	18240	435	709	0	435	0	0	321	0	233A4000474001B30000	435,English		
TV Travel Shop	TVTS	3	DVB-T	762000	1	6900000	1	2	8961	0	12290	65535	9018	13632	2304	260	6161	6162	0	0	6169	0	233A3002354009000000	6162,English		
Channel 4	Channel 4	3	DVB-T	730000	1	6900000	1	2	2305	0	8218	65535	9018	8384	2817	259	2829	2830	0	0	1034	0	233A201A20C00B010000	2830,English\2832,English		
oneword	Oneword	3	DVB-T	642000	1	6900000	1	2	2	0	24576	65535	9018	26432	1501	1025	0	1501	0	0	4000	0	233A6000674005DD0000	1501,English\1501,English		
BBC Radio 1	BBC	3	DVB-T	762000	1	6900000	1	2	2	0	12290	65535	9018	14336	6210	277	0	6210	0	0	6219	0	233A3002380018420000	6210,English		
ITV News	ITV	3	DVB-T	730000	1	6900000	1	2	21249	0	8218	65535	9018	8603	2816	265	2850	2851	0	0	1083	0	233A201A219B0B000000	2851,English\2851,English		
BBC ONE	BBC	3	DVB-T	618000	1	6900000	1	2	769	0	4106	65535	9018	4170	600	4170	600	601	0	0	652	0	233A100A104A02580000	601,English\602,English		
BBC World Sv.	BBC	3	DVB-T	642000	1	6900000	1	2	2	0	24576	65535	9018	26496	1601	1026	0	1601	0	0	4000	0	233A6000678006410000	1601,English		
Magic	EMAP	3	DVB-T	642000	1	6900000	1	2	2	0	24576	65535	9018	26624	1801	1028	0	1801	0	0	4002	0	233A6000680007090000	1801,English		
Sky Travel	Sky	3	DVB-T	666000	1	6900000	1	2	5889	0	20480	65535	9018	22208	301	703	301	302	0	0	0	0	233A500056C0012D0000	302,English\304,English		
BBC Radio 2	BBC	3	DVB-T	762000	1	6900000	1	2	2	0	12290	65535	9018	14400	6226	278	0	6226	0	0	6232	0	233A3002384018520000	6226,English		
Sky Spts News	Sky	3	DVB-T	666000	1	6900000	1	2	22273	0	20480	65535	9018	22144	201	702	201	202	0	0	0	0	233A5000568000C90000	202,English\204,English		
BBC R5 Live	BBC	3	DVB-T	786000	1	6900000	1	2	2	0	16384	65535	9018	17920	430	704	0	430	0	0	319	0	233A4000460001AE0000	430,English		
Kiss	EMAP	3	DVB-T	642000	1	6900000	1	2	2	0	24576	65535	9018	26176	1101	1021	0	1101	0	0	4002	0	233A60006640044D0000	1101,English		
BBC 6 Music	BBC	3	DVB-T	786000	1	6900000	1	2	2	0	16384	65535	9018	18048	432	706	0	432	0	0	322	0	233A4000468001B00000	432,English		
BBC Radio 3	BBC	3	DVB-T	762000	1	6900000	1	2	2	0	12290	65535	9018	14464	6242	279	0	6242	0	0	6248	0	233A3002388018620000	6242,English		
BBC THREE	BBC	3	DVB-T	618000	1	6900000	1	2	3841	0	4106	65535	9018	4351	8191	4351	0	0	0	0	1012	0	233A100A10FF1FFF0000			
UKBrightIdeas	UKTV	3	DVB-T	642000	1	6900000	1	2	9985	0	24576	65535	9018	25792	301	1003	301	302	0	0	4000	0	233A600064C0012D0000	302,English\304,English		
Community	BBC	3	DVB-T	786000	1	6900000	1	2	23809	0	16384	65535	9018	19968	8191	713	0	0	0	0	326	0	233A40004E001FFF0000			
703	BBC	3	DVB-T	786000	1	6900000	1	2	1	0	16384	65535	9018	19584	8191	712	0	0	0	0	318	0	233A40004C801FFF0000			
Ch 15	SDN	3	DVB-T	762000	1	6900000	1	2	2	0	12290	65535	9018	14208	8190	262	0	660	0	0	0	0	233A300237801FFE0000	660,English		
TMF	MTV Europe	3	DVB-T	642000	1	6900000	1	2	11009	0	24576	65535	9018	25728	201	1002	201	202	0	0	4000	0	233A6000648000C90000	202,English\204,English		
BBC FOUR	BBC	3	DVB-T	786000	1	6900000	1	2	5377	0	16384	65535	9018	16832	8191	702	0	0	0	0	310	0	233A400041C01FFF0000			
FourText	Channel 4	3	DVB-T	730000	1	6900000	1	2	25857	0	8218	65535	9018	8768	8191	263	0	0	0	0	1198	0	233A201A22401FFF0000			
F2P Games	MIETV	3	DVB-T	642000	1	6900000	1	2	27393	0	24576	65535	9018	26944	8191	1030	0	0	0	0	4001	0	233A600069401FFF0000			
BBC 5L SportsX	BBC	3	DVB-T	786000	1	6900000	1	2	2	0	16384	65535	9018	17984	431	705	0	431	0	0	320	0	233A4000464001AF0000	431,English		
BBC Radio 4	BBC	3	DVB-T	762000	1	6900000	1	2	2	0	12290	65535	9018	14528	6258	280	0	6258	0	0	6264	0	233A300238C018720000	6258,English		
Smash Hits!	EMAP	3	DVB-T	642000	1	6900000	1	2	2	0	24576	65535	9018	26240	1201	1022	0	1201	0	0	4002	0	233A6000668004B10000	1201,English		
Ch 22	CCI	3	DVB-T	642000	1	6900000	1	2	11521	0	24576	65535	9018	25920	501	1005	501	502	0	0	4000	0	233A6000654001F50000	502,English\504,		
heat	EMAP	3	DVB-T	762000	1	6900000	1	2	2	0	12290	65535	9018	14592	2304	281	0	6306	0	0	6312	0	233A3002390009000000	6306,English		
Ch 14	Channel 4	3	DVB-T	730000	1	6900000	1	2	7425	0	8218	65535	9018	8800	2817	260	2840	2841	0	0	2844	0	233A201A22600B010000	2841,English\2843,English		
f tn	Flextech	3	DVB-T	642000	1	6900000	1	2	10497	0	24576	65535	9018	25856	8191	1004	0	0	0	0	4000	0	233A600065001FFF0000			
Sky News	Sky	3	DVB-T	666000	1	6900000	1	2	21761	0	20480	65535	9018	22080	101	701	101	102	0	0	0	0	233A5000564000650000	102,English\104,English		
BBC 7	BBC	3	DVB-T	786000	1	6900000	1	2	2	0	16384	65535	9018	18112	433	707	0	433	0	0	324	0	233A400046C001B10000	433,English		
five	five	3	DVB-T	762000	1	6900000	1	2	2817	0	12290	65535	9018	12866	2304	256	6017	6018	0	0	6024	0	233A3002324209000000	6018,English\6019,English\6018,English\6019,English		
ITV 2	ITV	3	DVB-T	730000	1	6900000	1	2	3329	0	8218	65535	9018	8346	2816	268	2819	2820	0	0	1082	0	233A201A209A0B000000	2820,English\2822,English		
BBCi	BBC	3	DVB-T	618000	1	6900000	1	2	26369	0	4106	65535	9018	4479	8191	4479	0	0	0	0	653	0	233A100A117F1FFF0000			