Version 004
Name	Provider	FE-Type	LNB	Frequency	H/V	Symbolrate	Inversion	BW(T,C)	Type	Scrambled	TS ID	Net ID	o.Net ID	Service ID	PCR-PID	PMT-PID	Video-PID	Audio-PID	AC3-PID	Teletext-PID	MHEG-5	Subtitle-PID	Key	StreamInfo	StreamInfoAC3
EuroNews	DigiKabel RUS	2	DVB-C	121012	2	6900000	0	2	1	1	10005	65535	61441	53218	1201	271	1201	1208	0	0	0	0	F0012715CFE204B10000	1208,Russian		
HITLISTE	PREMIERE	2	DVB-C	370012	2	6900000	0	2	2	1	2	65535	133	150	784	105	0	784	0	0	0	0	00850002009603100000	784,German		
* Program #780 *	* TS #FFFF *	2	DVB-C	386012	2	6900000	0	2	1	1	65535	65535	780	780	3583	117	3583	3584	0	0	0	0	030CFFFF030C0DFF0000	3584,German		
MDR FIGARO	ARD	2	DVB-C	426012	2	6900000	0	2	2	0	1073	65535	1	28208	801	800	0	801	0	0	0	0	000104316E3003210000	801,German		
SWR2	ARD	2	DVB-C	426012	2	6900000	0	2	2	0	1073	65535	1	28214	1401	1400	0	1401	0	0	0	0	000104316E3605790000	1401,German		
MDR SACHSEN	ARD	2	DVB-C	426012	2	6900000	0	2	1	0	1073	65535	1	28228	401	2800	401	402	0	404	0	0	000104316E4401910000	402,German		
Fox Kids Play	DigiKabel TR	2	DVB-C	434012	2	6900000	0	2	1	1	10001	65535	61441	53210	671	265	671	673	0	0	0	0	F0012711CFDA029F0000	673,Turkish		
ERT-Sat	DigiKabel	2	DVB-C	434012	2	6900000	0	2	1	1	10001	65535	61441	53209	691	264	691	692	0	693	0	0	F0012711CFD902B30000	692,Greek, Modern		
EuroNews	DigiKabel GB	2	DVB-C	121012	2	6900000	0	2	1	1	10005	65535	61441	53213	1201	266	1201	1203	0	0	0	0	F0012715CFDD04B10000	1203,English\1203,English		
MGM	PREMIERE	2	DVB-C	354012	2	6900000	0	2	1	1	17	65535	133	515	767	102	767	768	0	0	0	0	00850011020302FF0000	768,German\769,German		
COUNTRY	PREMIERE	2	DVB-C	362012	2	6900000	0	2	2	1	3	65535	133	149	656	114	0	656	0	0	0	0	00850003009502900000	656,German		
* Program #242 *	* TS #FFFF *	2	DVB-C	362012	2	6900000	0	2	1	1	65535	65535	242	242	2559	103	2559	2560	2563	0	0	0	00F2FFFF00F209FF0000	2560,German\2561,German	2563,	
* Program #240 *	* TS #FFFF *	2	DVB-C	362012	2	6900000	0	2	1	1	65535	65535	240	240	2047	101	2047	2048	2051	0	0	0	00F0FFFF00F007FF0000	2048,German\2049,German	2051,	
* Program #210 *	* TS #FFFF *	2	DVB-C	378012	2	6900000	0	2	1	1	65535	65535	210	210	2303	111	2303	2304	2307	0	0	0	00D2FFFF00D208FF0000	2304,German\2305,German	2307,	
* Program #209 *	* TS #FFFF *	2	DVB-C	378012	2	6900000	0	2	1	1	65535	65535	209	209	3327	109	3327	3328	3331	0	0	0	00D1FFFF00D10CFF0000	3328,German\3329,German	3331,	
DLF-Köln	ZDFvision	2	DVB-C	394012	2	6900000	0	2	2	0	1079	65535	1	28013	810	800	0	810	0	0	0	0	000104376D6D032A0000	810,		
EinsMuXx	ARD	2	DVB-C	426012	2	6900000	0	2	1	0	1073	65535	1	28203	301	300	301	302	0	0	0	0	000104316E2B012D0000	302,German		
Fox Kids Play	DigiKabel RUS	2	DVB-C	434012	2	6900000	0	2	1	1	10001	65535	61441	53207	671	262	671	672	0	0	0	0	F0012711CFD7029F0000	672,Russian		
ATV 2	DigiKabel TR	2	DVB-C	434012	2	6900000	0	2	1	1	10001	65535	61441	53203	631	258	631	632	0	633	0	0	F0012711CFD302770000	632,Turkish		
Al moagehat	ERTU	2	DVB-C	466012	2	6900000	0	2	2	0	9100	65535	318	8995	1184	1189	0	1190	0	0	0	0	013E238C232304A00000	1190,Arabic		
BibelTV	DigiKabel D	2	DVB-C	113012	2	6900000	0	2	1	1	10004	65535	61441	53403	731	258	731	732	0	0	0	0	F0012714D09B02DB0000	732,German		
DISCOVERY CHANNEL	PREMIERE	2	DVB-C	354012	2	6900000	0	2	1	1	17	65535	133	14	1023	105	1023	1024	0	0	0	0	00850011000E03FF0000	1024,German		
PREMIERE 2	PREMIERE	2	DVB-C	370012	2	6900000	0	2	1	1	2	65535	133	11	1791	103	1791	1792	1795	0	0	0	00850002000B06FF0000	1792,German\1793,German	1795,	
PREMIERE 1	PREMIERE	2	DVB-C	370012	2	6900000	0	2	1	1	2	65535	133	10	511	101	511	512	515	0	0	0	00850002000A01FF0000	512,German\513,German\512,German\513,German	515,\515,	
PREMIERE 7	PREMIERE	2	DVB-C	370012	2	6900000	0	2	1	1	2	65535	133	20	1023	104	1023	1024	0	0	0	0	00850002001403FF0000	1024,German\1024,German		
LOVE SONGS	PREMIERE	2	DVB-C	370012	2	6900000	0	2	2	1	2	65535	133	156	592	121	0	592	0	0	0	0	00850002009C02500000	592,German		
GOLD	PREMIERE	2	DVB-C	370012	2	6900000	0	2	2	1	2	65535	133	166	320	115	0	320	0	0	0	0	0085000200A601400000	320,German		
PREMIERE NOSTALGIE	PREMIERE	2	DVB-C	378012	2	6900000	0	2	1	1	4	65535	133	516	2559	106	2559	2560	0	0	0	0	00850004020409FF0000	2560,German		
SR Fernsehen Südwest	ARD	2	DVB-C	410012	2	6900000	0	2	1	0	1101	65535	1	28110	501	500	501	502	0	504	0	0	0001044D6DCE01F50000	502,German		
Bayerisches FS	ARD	2	DVB-C	410012	2	6900000	0	2	1	0	1101	65535	1	28107	201	200	201	202	0	204	0	0	0001044D6DCB00C90000	202,German		
NordwestRadio	ARD	2	DVB-C	410012	2	6900000	0	2	2	0	1101	65535	1	28128	3801	3800	0	3801	0	0	0	0	0001044D6DE00ED90000	3801,German		
NDR FS HH	ARD	2	DVB-C	426012	2	6900000	0	2	1	0	1073	65535	1	28225	2401	2500	2401	2402	0	2404	0	0	000104316E4109610000	2402,German		
Nashe Kino	DigiKabel RUS	2	DVB-C	434012	2	6900000	0	2	1	1	10001	65535	61441	53202	621	257	621	622	0	0	0	0	F0012711CFD2026D0000	622,Russian		
EuroNews	DigiKabel P	2	DVB-C	121012	2	6900000	0	2	1	1	10005	65535	61441	53217	1201	270	1201	1207	0	0	0	0	F0012715CFE104B10000	1207,Portuguese		
OLD GOLD	PREMIERE	2	DVB-C	362012	2	6900000	0	2	2	1	3	65535	133	167	336	113	0	336	0	0	0	0	0085000300A701500000	336,German		
EASY LISTENING	PREMIERE	2	DVB-C	378012	2	6900000	0	2	2	1	4	65535	133	146	608	117	0	608	0	0	0	0	00850004009202600000	608,German		
* Program #666 *	* TS #FFFF *	2	DVB-C	386012	2	6900000	0	2	1	1	65535	65535	666	666	2303	98	2303	2304	0	0	0	0	029AFFFF029A08FF0000	2304,German		
GOLDSTAR TV	PREMIERE	2	DVB-C	386012	2	6900000	0	2	1	1	1	65535	133	518	3839	100	3839	3840	0	0	0	0	0085000102060EFF0000	3840,German		
EuroNews	ZDFvision	2	DVB-C	394012	2	6900000	0	2	1	0	1079	65535	1	28015	2221	1034	2221	2233	0	768	0	0	000104376D6F08AD0000	2233,German\2233,German		
WDR Köln	ARD	2	DVB-C	410012	2	6900000	0	2	1	0	1101	65535	1	28111	601	600	601	602	0	604	0	0	0001044D6DCF02590000	602,German		
Phoenix	ARD	2	DVB-C	410012	2	6900000	0	2	1	0	1101	65535	1	28114	901	900	901	902	0	904	0	0	0001044D6DD203850000	902,German		
Canal 24 Horas	DigiKabel E	2	DVB-C	434012	2	6900000	0	2	1	1	10001	65535	61441	53509	601	266	601	602	0	603	0	0	F0012711D10502590000	602,Spanish		
RTR Planeta	DigiKabel RUS	2	DVB-C	121012	2	6900000	0	2	1	1	10005	65535	61441	53212	921	257	921	922	0	0	0	0	F0012715CFDC03990000	922,Russian\922,Russian		
TGRT	DigiKabel TR	2	DVB-C	402012	2	6900000	0	2	1	1	112	65535	61441	53502	1121	257	1121	1122	0	0	0	0	F0010070D0FE04610000	1122,Turkish		
Bayern 1	ARD	2	DVB-C	410012	2	6900000	0	2	2	0	1101	65535	1	28126	3601	3600	0	3601	0	0	0	0	0001044D6DDE0E110000	3601,German		
Bayern 4 Klassik	ARD	2	DVB-C	410012	2	6900000	0	2	2	0	1101	65535	1	28120	3001	3000	0	3001	0	0	0	0	0001044D6DD80BB90000	3001,German		
RTP Internacional	DigiKabel P	2	DVB-C	434012	2	6900000	0	2	1	1	10001	65535	61441	53206	661	261	661	662	0	663	0	0	F0012711CFD602950000	662,[prt]		
Kanal D	DigiKabel TR	2	DVB-C	434012	2	6900000	0	2	1	1	10001	65535	61441	53205	651	260	651	652	0	653	0	0	F0012711CFD5028B0000	652,Turkish\652,Turkish		
Nile TV International	ERTU	2	DVB-C	466012	2	6900000	0	2	1	0	9100	65535	318	8992	1180	1179	1181	1182	0	0	0	0	013E238C2320049C0000	1182,English		
Liberty TV	DigiKabel D	2	DVB-C	113012	2	6900000	0	2	1	1	10004	65535	61441	53402	721	257	721	722	0	0	0	0	F0012714D09A02D10000	722,German\723,French		
PCNE	DigiKabel	2	DVB-C	121012	2	6900000	0	2	1	1	10005	65535	61441	53208	911	256	911	912	0	0	0	0	F0012715CFD8038F0000	912,Chinese		
Test S 26	(Not Defined)	2	DVB-C	346012	2	6900000	0	2	1	1	10002	65535	61441	50701	811	256	811	812	0	0	0	0	F0012712C60D032B0000	812,German		
SCI FI	PREMIERE	2	DVB-C	354012	2	6900000	0	2	1	1	17	65535	133	36	2047	97	2047	2048	0	0	0	0	00850011002407FF0000	2048,German		
* Program #211 *	* TS #FFFF *	2	DVB-C	354012	2	6900000	0	2	1	1	65535	65535	211	211	511	108	511	512	515	0	0	0	00D3FFFF00D301FF0000	512,German\513,German	515,	
PREMIERE KRIMI	PREMIERE	2	DVB-C	378012	2	6900000	0	2	1	1	4	65535	133	23	1535	104	1535	1536	0	0	0	0	00850004001705FF0000	1536,		
ARD-Online-Kanal	ARD	2	DVB-C	426012	2	6900000	0	2	2	0	1073	65535	1	28218	1801	1800	0	1801	0	0	0	0	000104316E3A07090000	1801,\1802,\1803,\1804,\1805,\1806,\1807,		
SPUTNIK	ARD	2	DVB-C	426012	2	6900000	0	2	2	0	1073	65535	1	28212	1201	1200	0	1201	0	0	0	0	000104316E3404B10000	1201,German		
NDR FS MV	ARD	2	DVB-C	426012	2	6900000	0	2	1	0	1073	65535	1	28224	2401	2400	2401	2402	0	2404	0	0	000104316E4009610000	2402,German		
ARD-MHP-Data	ARD	2	DVB-C	426012	2	6900000	0	2	1	0	1073	65535	1	28250	8191	5000	0	0	65535	65535	65535	65535	000104316E5A1FFF0000			
RTVi	DigiKabel RUS	2	DVB-C	434012	2	6900000	0	2	1	1	10001	65535	61441	53201	611	256	611	612	0	0	0	0	F0012711CFD102630000	612,Russian		
Bulgaria TV	BNT	2	DVB-C	466012	2	6900000	0	2	1	0	9100	65535	318	8827	4612	4611	4612	4613	0	0	0	0	013E238C227B12040000	4613,		
Club	DigiKabel D	2	DVB-C	113012	2	6900000	0	2	1	1	10004	65535	61441	53401	711	256	711	712	0	0	0	0	F0012714D09902C70000	712,German\713,English		
PLANET	PREMIERE	2	DVB-C	354012	2	6900000	0	2	1	1	17	65535	133	13	1535	99	1535	1536	0	0	0	0	00850011000D05FF0000	1536,German		
SOUL CLASSICS	PREMIERE	2	DVB-C	362012	2	6900000	0	2	2	1	3	65535	133	153	352	118	0	352	0	0	0	0	00850003009901600000	352,German		
* Program #244 *	* TS #FFFF *	2	DVB-C	362012	2	6900000	0	2	1	1	65535	65535	244	244	3071	105	3071	3072	3075	0	0	0	00F4FFFF00F40BFF0000	3072,German\3073,German	3075,	
DANCE	PREMIERE	2	DVB-C	370012	2	6900000	0	2	2	1	2	65535	133	165	304	112	0	304	0	0	0	0	0085000200A501300000	304,German		
ZDFinfokanal	ZDFvision	2	DVB-C	394012	2	6900000	0	2	1	0	1079	65535	1	28011	610	600	610	620	0	130	0	0	000104376D6B02620000	620,German		
MDR FERNSEHEN	ARD	2	DVB-C	426012	2	6900000	0	2	1	0	1073	65535	1	28204	401	400	401	402	0	404	0	0	000104316E2C01910000	402,German		
NDR Kultur	ARD	2	DVB-C	426012	2	6900000	0	2	2	0	1073	65535	1	28207	701	700	0	701	0	0	0	0	000104316E2F02BD0000	701,German		
RADIOmultikulti	ARD	2	DVB-C	426012	2	6900000	0	2	2	0	1073	65535	1	28213	1301	1300	0	1301	0	0	0	0	000104316E3505150000	1301,German		
WDR 5	ARD	2	DVB-C	426012	2	6900000	0	2	2	0	1073	65535	1	28216	1601	1600	0	1601	0	0	0	0	000104316E3806410000	1601,German		
Extreme Sports	DigiKabel GB	2	DVB-C	113012	2	6900000	0	2	1	1	10004	65535	61441	53409	791	264	791	792	0	0	0	0	F0012714D0A103170000	792,German\793,English		
EuroNews	DigiKabel E	2	DVB-C	121012	2	6900000	0	2	1	1	10005	65535	61441	53216	1201	269	1201	1206	0	0	0	0	F0012715CFE004B10000	1206,Spanish		
* Program #213 *	* TS #FFFF *	2	DVB-C	354012	2	6900000	0	2	1	1	65535	65535	213	213	1791	101	1791	0	0	0	0	0	00D5FFFF00D506FF0000			
FILM & MUSICAL	PREMIERE	2	DVB-C	378012	2	6900000	0	2	2	1	4	65535	133	145	592	116	0	592	0	0	0	0	00850004009102500000	592,German		
HEIMATKANAL	PREMIERE	2	DVB-C	386012	2	6900000	0	2	1	1	1	65535	133	22	1279	104	1279	1280	0	0	0	0	00850001001604FF0000	1280,German		
* Program #665 *	* TS #FFFF *	2	DVB-C	386012	2	6900000	0	2	1	1	65535	65535	665	665	2047	97	2047	2048	0	0	0	0	0299FFFF029907FF0000	2048,German		
* Program #778 *	* TS #FFFF *	2	DVB-C	386012	2	6900000	0	2	1	1	65535	65535	778	778	1535	113	1535	1536	0	0	0	0	030AFFFF030A05FF0000	1536,German		
MDR INFO	ARD	2	DVB-C	426012	2	6900000	0	2	2	0	1073	65535	1	28211	1101	1100	0	1101	0	0	0	0	000104316E33044D0000	1101,German		
MEDIOLANUM	Tadiran Scopus	2	DVB-C	466012	2	6900000	0	2	1	0	9100	65535	318	8987	1131	1130	1131	1132	0	1136	0	0	013E238C231B046B0000	1132,		
MTV Base	DigiKabel GB	2	DVB-C	113012	2	6900000	0	2	1	1	10004	65535	61441	53408	781	263	781	782	0	0	0	0	F0012714D0A0030D0000	782,English		
EuroNews	DigiKabel	2	DVB-C	121012	2	6900000	0	2	1	1	10005	65535	61441	53211	1201	265	1201	1202	0	0	0	0	F0012715CFDB04B10000	1202,French		
LATIN	PREMIERE	2	DVB-C	362012	2	6900000	0	2	2	1	3	65535	133	155	368	120	0	368	0	0	0	0	00850003009B01700000	368,German		
PREMIERE 6	PREMIERE	2	DVB-C	370012	2	6900000	0	2	1	1	2	65535	133	41	1535	107	1535	1536	0	0	0	0	00850002002905FF0000	1536,German		
HARD ROCK	PREMIERE	2	DVB-C	370012	2	6900000	0	2	2	1	2	65535	133	152	816	117	0	816	0	0	0	0	00850002009803300000	816,German		
ORCHESTRALE WERKE	PREMIERE	2	DVB-C	378012	2	6900000	0	2	2	1	4	65535	133	158	560	123	0	560	0	0	0	0	00850004009E02300000	560,German		
* Program #777 *	* TS #FFFF *	2	DVB-C	386012	2	6900000	0	2	1	1	65535	65535	777	777	255	99	255	256	0	0	0	0	0309FFFF030900FF0000	256,German		
Rai 3	DigiKabel I	2	DVB-C	402012	2	6900000	0	2	1	1	112	65535	61441	53507	1161	261	1161	1162	0	1163	0	0	F0010070D10304890000	1162,Italian\1162,Italian		
TV Polonia	DigiKabel	2	DVB-C	434012	2	6900000	0	2	1	1	10001	65535	61441	53204	641	259	641	642	0	643	0	0	F0012711CFD402810000	642,Polish		
Nile News	ERTU	2	DVB-C	466012	2	6900000	0	2	1	0	9100	65535	318	8993	1184	1183	1185	1186	0	0	0	0	013E238C232104A00000	1186,Arabic		
HIP HOP/R&B	PREMIERE	2	DVB-C	370012	2	6900000	0	2	2	1	2	65535	133	159	576	124	0	576	0	0	0	0	00850002009F02400000	576,German		
BLUE MOVIE	PREMIERE	2	DVB-C	378012	2	6900000	0	2	1	1	4	65535	133	664	255	99	255	0	0	0	0	0	00850004029800FF0000			
* Program #208 *	* TS #FFFF *	2	DVB-C	378012	2	6900000	0	2	1	1	65535	65535	208	208	3071	107	3071	3072	3075	0	0	0	00D0FFFF00D00BFF0000	3072,German\3073,German	3075,	
PREMIERE EROTIK	PREMIERE	2	DVB-C	378012	2	6900000	0	2	1	1	4	65535	133	513	1279	101	1279	0	0	0	0	0	00850004020104FF0000			
Rai 2	DigiKabel I	2	DVB-C	402012	2	6900000	0	2	1	1	112	65535	61441	53506	1151	260	1151	1152	0	1153	0	0	F0010070D102047F0000	1152,Italian		
hr-skyline +	ARD	2	DVB-C	410012	2	6900000	0	2	2	0	1101	65535	1	28122	3201	3200	0	3201	0	0	0	0	0001044D6DDA0C810000	3201,German		
SÜDWEST BW	ARD	2	DVB-C	410012	2	6900000	0	2	1	0	1101	65535	1	28113	801	800	801	802	0	804	0	0	0001044D6DD103210000	802,German		
NEW COUNTRY	PREMIERE	2	DVB-C	362012	2	6900000	0	2	2	1	3	65535	133	164	384	119	0	384	0	0	0	0	0085000300A401800000	384,German\384,German		
* Program #241 *	* TS #FFFF *	2	DVB-C	362012	2	6900000	0	2	1	1	65535	65535	241	241	2303	102	2303	2304	2307	0	0	0	00F1FFFF00F108FF0000	2304,German\2305,German	2307,	
COOL & EASY	PREMIERE	2	DVB-C	370012	2	6900000	0	2	2	1	2	65535	133	157	400	116	0	400	0	0	0	0	00850002009D01900000	400,German		
CLASSIC ROCK	PREMIERE	2	DVB-C	370012	2	6900000	0	2	2	1	2	65535	133	163	352	118	0	352	0	0	0	0	0085000200A301600000	352,German		
PREMIERE SERIE	PREMIERE	2	DVB-C	378012	2	6900000	0	2	1	1	4	65535	133	16	1023	102	1023	1024	0	0	0	0	00850004001003FF0000	1024,German		
BEATE-UHSE.TV	PREMIERE	2	DVB-C	386012	2	6900000	0	2	1	1	1	65535	133	21	1023	102	1023	1024	0	0	0	0	00850001001503FF0000	1024,German		
DLR-Berlin	ZDFvision	2	DVB-C	394012	2	6900000	0	2	2	0	1079	65535	1	28012	710	700	0	710	0	0	0	0	000104376D6C02C60000	710,		
hessen fernsehen	ARD	2	DVB-C	410012	2	6900000	0	2	1	0	1101	65535	1	28108	301	300	301	302	0	304	0	0	0001044D6DCC012D0000	302,German\302,German		
YOU FM	ARD	2	DVB-C	410012	2	6900000	0	2	2	0	1101	65535	1	28125	3501	3500	0	3501	0	0	0	0	0001044D6DDD0DAD0000	3501,German		
EinsFestival	ARD	2	DVB-C	426012	2	6900000	0	2	1	0	1073	65535	1	28202	201	200	201	202	0	0	0	0	000104316E2A00C90000	202,German		
RBB Brandenburg	ARD	2	DVB-C	426012	2	6900000	0	2	1	0	1073	65535	1	28205	501	500	501	502	0	504	0	0	000104316E2D01F50000	502,German		
MDR THÜRINGEN	ARD	2	DVB-C	426012	2	6900000	0	2	1	0	1073	65535	1	28230	401	3000	401	402	0	404	0	0	000104316E4601910000	402,German		
Eurosport News	DigiKabel GB	2	DVB-C	113012	2	6900000	0	2	1	1	10004	65535	61441	53407	771	262	771	772	0	774	0	0	F0012714D09F03030000	772,English		
EuroNews	DigiKabel I	2	DVB-C	121012	2	6900000	0	2	1	1	10005	65535	61441	53215	1201	268	1201	1205	0	0	0	0	F0012715CFDF04B10000	1205,Italian		
JAZZ	PREMIERE	2	DVB-C	378012	2	6900000	0	2	2	1	4	65535	133	148	640	113	0	640	0	0	0	0	00850004009402800000	640,German		
ZDFtheaterkanal	ZDFvision	2	DVB-C	394012	2	6900000	0	2	1	0	1079	65535	1	28016	1110	1100	1110	1120	0	130	0	0	000104376D7004560000	1120,German		
3sat	ZDFvision	2	DVB-C	394012	2	6900000	0	2	1	0	1079	65535	1	28007	210	200	210	220	0	230	0	0	000104376D6700D20000	220,German		
ZDFdokukanal	ZDFvision	2	DVB-C	394012	2	6900000	0	2	1	0	1079	65535	1	28014	660	650	660	670	0	130	0	0	000104376D6E02940000	670,German		
Sinema TURK	DigiKabel TR	2	DVB-C	402012	2	6900000	0	2	1	1	112	65535	61441	53511	1185	265	1185	1186	0	0	0	0	F0010070D10704A10000	1186,Turkish		
SR 1	ARD	2	DVB-C	410012	2	6900000	0	2	2	0	1101	65535	1	28129	3901	3900	0	3901	0	0	0	0	0001044D6DE10F3D0000	3901,German		
Fritz	ARD	2	DVB-C	426012	2	6900000	0	2	2	0	1073	65535	1	28209	901	900	0	901	0	0	0	0	000104316E3103850000	901,German		
TVEi	DigiKabel E	2	DVB-C	434012	2	6900000	0	2	1	1	10001	65535	61441	53508	681	263	681	682	0	683	0	0	F0012711D10402A90000	682,Spanish		
Eurosport News	DigiKabel E	2	DVB-C	113012	2	6900000	0	2	1	1	10004	65535	61441	53411	741	266	741	742	0	0	0	0	F0012714D0A302E50000	742,Spanish		
13 TH STREET	PREMIERE	2	DVB-C	354012	2	6900000	0	2	1	1	17	65535	133	42	2303	107	2303	2304	0	0	0	0	00850011002A08FF0000	2304,German		
ALTERNATIVE ROCK	PREMIERE	2	DVB-C	370012	2	6900000	0	2	2	1	2	65535	133	154	544	114	0	544	0	0	0	0	00850002009A02200000	544,German		
SCHLAGER	PREMIERE	2	DVB-C	370012	2	6900000	0	2	2	1	2	65535	133	162	384	120	0	384	0	0	0	0	0085000200A201800000	384,German		
PREMIERE SPORT 2	PREMIERE	2	DVB-C	378012	2	6900000	0	2	1	1	4	65535	133	27	3839	100	3839	3840	0	0	0	0	00850004001B0EFF0000	3840,German		
* Program #212 *	* TS #FFFF *	2	DVB-C	386012	2	6900000	0	2	1	1	65535	65535	212	212	511	110	511	512	515	0	0	0	00D4FFFF00D401FF0000	512,German\513,German	515,	
KiKa	ZDFvision	2	DVB-C	394012	2	6900000	0	2	1	0	1079	65535	1	28008	310	300	310	320	0	330	0	0	000104376D6801360000	320,German\320,German		
LigTV	DigiKabel TR	2	DVB-C	402012	2	6900000	0	2	1	1	112	65535	61441	53510	1175	264	1175	1176	0	0	0	0	F0010070D10604970000	1176,Turkish		
Rai 1	DigiKabel I	2	DVB-C	402012	2	6900000	0	2	1	1	112	65535	61441	53505	1141	259	1141	1142	0	1143	0	0	F0010070D10104750000	1142,Italian		
B5 aktuell	ARD	2	DVB-C	410012	2	6900000	0	2	2	0	1101	65535	1	28121	3101	3100	0	3101	0	0	0	0	0001044D6DD90C1D0000	3101,German		
RBB Berlin	ARD	2	DVB-C	426012	2	6900000	0	2	1	0	1073	65535	1	28206	601	600	601	602	0	604	0	0	000104316E2E02590000	602,German		
WDR 3	ARD	2	DVB-C	426012	2	6900000	0	2	2	0	1073	65535	1	28215	1501	1500	0	1501	0	0	0	0	000104316E3705DD0000	1501,German		
SÜDWEST RP	ARD	2	DVB-C	426012	2	6900000	0	2	1	0	1073	65535	1	28231	3101	3100	3101	3102	0	3104	0	0	000104316E470C1D0000	3102,German		
NDR FS SH	ARD	2	DVB-C	426012	2	6900000	0	2	1	0	1073	65535	1	28227	2401	2700	2401	2402	0	2404	0	0	000104316E4309610000	2402,German		
Bulgaria Radio	BNR	2	DVB-C	466012	2	6900000	0	2	2	0	9100	65535	318	8828	8191	4614	0	4615	0	0	0	0	013E238C227C1FFF0000	4615,		
Detski Mir	DigiKabel RUS	2	DVB-C	121012	2	6900000	0	2	1	1	10005	65535	61441	53503	931	258	931	932	0	0	0	0	F0012715D0FF03A30000	932,Russian		
DISNEY CHANNEL	PREMIERE	2	DVB-C	354012	2	6900000	0	2	1	1	17	65535	133	34	2559	98	2559	2560	0	0	0	0	00850011002209FF0000	2560,German\2560,German		
PREMIERE 4	PREMIERE	2	DVB-C	370012	2	6900000	0	2	1	1	2	65535	133	9	767	102	767	768	0	0	0	0	00850002000902FF0000	768,German		
PREMIERE 3	PREMIERE	2	DVB-C	370012	2	6900000	0	2	1	1	2	65535	133	43	2303	109	2303	2304	0	0	0	0	00850002002B08FF0000	2304,German		
DEUTSCHE HITS	PREMIERE	2	DVB-C	370012	2	6900000	0	2	2	1	2	65535	133	151	800	113	0	800	0	0	0	0	00850002009703200000	800,German		
PREMIERE DIREKT	PREMIERE	2	DVB-C	378012	2	6900000	0	2	1	0	4	65535	133	18	2815	103	2815	2816	2819	0	0	0	0085000400120AFF0000	2816,German\2817,German\2816,German\2817,German	2819,\2819,	
Österreich 1	ZDFvision	2	DVB-C	394012	2	6900000	0	2	2	0	1079	65535	1	28017	169	1004	0	169	0	0	0	0	000104376D7100A90000	169,German		
Kanal 7	DigiKabel TR	2	DVB-C	402012	2	6900000	0	2	1	1	112	65535	61441	53504	1131	258	1131	1132	0	0	0	0	F0010070D100046B0000	1132,Turkish		
EinsExtra	ARD	2	DVB-C	426012	2	6900000	0	2	1	0	1073	65535	1	28201	101	100	101	102	0	0	0	0	000104316E2900650000	102,German		
MDR S-ANHALT	ARD	2	DVB-C	426012	2	6900000	0	2	1	0	1073	65535	1	28229	401	2900	401	402	0	404	0	0	000104316E4501910000	402,German		
EuroNews	DigiKabel D	2	DVB-C	121012	2	6900000	0	2	1	1	10005	65535	61441	53214	1201	267	1201	1204	0	0	0	0	F0012715CFDE04B10000	1204,German		
FOX KIDS	PREMIERE	2	DVB-C	354012	2	6900000	0	2	1	1	17	65535	133	28	1279	103	1279	1280	0	0	0	0	00850011001C04FF0000	1280,German		
CLASSICA	PREMIERE	2	DVB-C	386012	2	6900000	0	2	1	1	1	65535	133	15	767	101	767	768	0	0	0	0	00850001000F02FF0000	768,German		
Eurosport	ZDFvision	2	DVB-C	394012	2	6900000	0	2	1	0	1079	65535	1	28009	410	400	410	420	0	430	0	0	000104376D69019A0000	420,German		
ZDF	ZDFvision	2	DVB-C	394012	2	6900000	0	2	1	0	1079	65535	1	28006	110	100	110	120	125	130	0	0	000104376D66006E0000	120,German	125,	
arte	ARD	2	DVB-C	410012	2	6900000	0	2	1	0	1101	65535	1	28109	401	400	401	403	0	404	0	0	0001044D6DCD01910000	402,German\403,French		
Das Erste	ARD	2	DVB-C	410012	2	6900000	0	2	1	0	1101	65535	1	28106	101	100	101	102	0	104	0	0	0001044D6DCA00650000	102,German		
hr2	ARD	2	DVB-C	410012	2	6900000	0	2	2	0	1101	65535	1	28123	3301	3300	0	3301	0	0	0	0	0001044D6DDB0CE50000	3301,German		
BR-alpha	ARD	2	DVB-C	410012	2	6900000	0	2	1	0	1101	65535	1	28112	701	700	701	702	0	704	0	0	0001044D6DD002BD0000	702,German		
ARD-MHP-TEST-5	ARD	2	DVB-C	426012	2	6900000	0	2	1	0	1073	65535	1	28221	101	2100	101	102	0	0	0	0	000104316E3D00650000	102,		
Test S38 D442 TP B9	(Not Defined)	2	DVB-C	442012	2	6900000	0	2	1	1	10003	65535	61441	53301	513	256	513	514	0	0	0	0	F0012713D03502010000	514,German		
OpenSky_EN	EUTELSAT	2	DVB-C	466012	2	6900000	0	2	1	0	9100	65535	318	8804	4356	4355	4356	4357	0	0	0	0	013E238C226411040000	4357,		
BBC Prime	DigiKabel GB	2	DVB-C	113012	2	6900000	0	2	1	1	10004	65535	61441	53406	761	261	761	762	0	763	0	0	F0012714D09E02F90000	762,English		
TW1	DigiKabel D	2	DVB-C	113012	2	6900000	0	2	1	1	10004	65535	61441	53405	751	260	751	752	0	753	0	0	F0012714D09D02EF0000	752,German\752,German		
* Program #245 *	* TS #FFFF *	2	DVB-C	362012	2	6900000	0	2	1	1	65535	65535	245	245	3327	112	3327	3328	3331	0	0	0	00F5FFFF00F50CFF0000	3328,German\3329,German	3331,	
* Program #243 *	* TS #FFFF *	2	DVB-C	362012	2	6900000	0	2	1	1	65535	65535	243	243	2815	104	2815	2816	2819	0	0	0	00F3FFFF00F30AFF0000	2816,German\2817,German	2819,	
PREMIERE START	PREMIERE	2	DVB-C	370012	2	6900000	0	2	1	1	2	65535	133	8	255	100	255	256	0	32	0	0	00850002000800FF0000	256,German		
KLASSIK POPULÄR	PREMIERE	2	DVB-C	378012	2	6900000	0	2	2	1	4	65535	133	147	624	112	0	624	0	0	0	0	00850004009302700000	624,German		
Show TV	DigiKabel TR	2	DVB-C	402012	2	6900000	0	2	1	1	112	65535	61441	53501	1111	270	1111	1112	0	1113	0	0	F0010070D0FD04570000	1112,Turkish		
hr-klassik	ARD	2	DVB-C	410012	2	6900000	0	2	2	0	1101	65535	1	28124	3401	3400	0	3401	0	0	0	0	0001044D6DDC0D490000	3401,		
NDR FS NDS	ARD	2	DVB-C	426012	2	6900000	0	2	1	0	1073	65535	1	28226	2401	2600	2401	2402	0	2404	0	0	000104316E4209610000	2402,German		
El Shark El Awsat	ERTU	2	DVB-C	466012	2	6900000	0	2	2	0	9100	65535	318	8994	1180	1187	0	1188	0	0	0	0	013E238C2322049C0000	1188,Arabic		
Einstein TV	DigiKabel D	2	DVB-C	113012	2	6900000	0	2	1	1	10004	65535	61441	53410	701	265	701	702	0	0	0	0	F0012714D0A202BD0000	702,German		
TVN	DigiKabel	2	DVB-C	121012	2	6900000	0	2	1	1	10005	65535	61441	53106	991	264	991	992	0	0	0	0	F0012715CF7203DF0000	992,Polish		
JUNIOR	PREMIERE	2	DVB-C	354012	2	6900000	0	2	1	1	17	65535	133	19	255	100	255	256	0	0	0	0	00850011001300FF0000	256,German		
PREMIERE SPORT 1	PREMIERE	2	DVB-C	362012	2	6900000	0	2	1	1	3	65535	133	17	255	100	255	256	0	0	0	0	00850003001100FF0000	256,German\257,German		
PREMIERE 5	PREMIERE	2	DVB-C	370012	2	6900000	0	2	1	1	2	65535	133	29	1279	106	1279	1280	0	0	0	0	00850002001D04FF0000	1280,German\1281,German		
* Program #779 *	* TS #FFFF *	2	DVB-C	386012	2	6900000	0	2	1	1	65535	65535	779	779	1791	116	1791	1792	0	0	0	0	030BFFFF030B06FF0000	1792,German		
NDR Info	ARD	2	DVB-C	410012	2	6900000	0	2	2	0	1101	65535	1	28127	3701	3700	0	3701	0	0	0	0	0001044D6DDF0E750000	3701,German		
Test-R	ARD	2	DVB-C	410012	2	6900000	0	2	1	0	1101	65535	1	28130	201	2000	201	202	0	204	0	0	0001044D6DE200C90000	202,		
MDR JUMP	ARD	2	DVB-C	426012	2	6900000	0	2	2	0	1073	65535	1	28210	1001	1000	0	1001	0	0	0	0	000104316E3203E90000	1001,German		