537	Scrambled
543	Scrambled
549	Bloomberg/Spanish
555	Scrambled
561	SD Baltimore
567	SD Washington
573	Scrambled
579	Scrambled
591	DOCSIS
603	On Demand
609	On Demand
615	On Demand
621	Spanish
627	Local Access
633	Comcast Promo
639	MHz/Africa
645	Scrambled
651	Scrambled
657	Scrambled
663	Scrambled
669	Telemundo
675	WTTG-DT
681	Scrambled
687	France 24
693	Music Choice
699	Scrambled
705	Scrambled
711	Scrambled
717	Scrambled
723	Comcast Mosaic
729	Scrambled
735	Scrambled
741	Scrambled
747	MHz 2
753	
759	C-SPAN 2
765	Crap!
771	ABC2 WX
777	Scrambled
783	WUSA-DT/WRC-DT
795	WBAL-DT/WMAR-DT
801	WMPT-DT/WJZ-DT
819	A&E HD
825	WDCA-DT
831	
837	
843	WDCW-DT/WTTG-DT
849	Sport?
855	
